[Fri May  6 15:54:10.898 2016] 0.017 sec [ext2/1/ext 0 (0,20)] [listing_core]
[Fri May  6 15:55:09.455 2016] 0.030 sec [ext2/2/ext 0 (0,24)] [listing_core`, `listing_delta] *aljasdklfjasdklf*
[Fri May  6 15:55:15.092 2016] 0.000 sec [ext2/2/ext 0 (0,24)] [listing_core`, `listing_delta] *pilow*
[Fri May  6 15:55:20.847 2016] 0.000 sec [ext2/2/ext 1 (0,24)] [listing_core`, `listing_delta] *pillow*
[Fri May  6 15:58:42.477 2016] 0.000 sec [ext2/1/ext 0 (0,20)] [listing_core]
[Tue May 10 12:47:23.017 2016] 0.000 sec [ext2/1/ext 0 (0,20)] [listing_core]
[Wed May 11 06:28:14.266 2016] 0.001 sec [ext2/1/ext 0 (0,20)] [listing_core]
[Wed May 11 06:28:14.282 2016] 0.000 sec [ext2/1/ext 0 (0,20)] [listing_core]
[Wed May 11 06:28:14.297 2016] 0.000 sec [ext2/1/ext 0 (0,20)] [listing_core]
[Wed May 11 06:28:14.312 2016] 0.000 sec [ext2/1/ext 0 (0,20)] [listing_core]
[Wed May 11 06:28:14.325 2016] 0.000 sec [ext2/1/ext 0 (0,20)] [listing_core]
[Wed May 11 06:28:14.337 2016] 0.000 sec [ext2/1/ext 0 (0,20)] [listing_core]
[Wed May 11 06:28:14.349 2016] 0.000 sec [ext2/1/ext 0 (0,20)] [listing_core]
[Wed May 11 06:28:19.859 2016] 0.000 sec [ext2/1/ext 0 (0,20)] [listing_core]
[Wed May 11 06:28:22.031 2016] 0.000 sec [ext2/1/ext 0 (0,20)] [listing_core]
[Wed May 11 06:28:22.939 2016] 0.000 sec [ext2/1/ext 0 (0,20)] [listing_core]
[Wed May 11 06:28:23.972 2016] 0.000 sec [ext2/1/ext 0 (0,20)] [listing_core]
[Wed May 11 06:28:31.364 2016] 0.000 sec [ext2/1/ext 0 (0,20)] [listing_core]
[Wed May 11 06:28:41.293 2016] 0.000 sec [ext2/1/ext 0 (0,20)] [listing_core]
[Wed May 11 06:28:43.103 2016] 0.000 sec [ext2/1/ext 0 (0,20)] [listing_core]
[Wed May 11 06:29:00.791 2016] 0.000 sec [ext2/1/ext 0 (0,20)] [listing_core]
[Wed May 11 06:29:22.989 2016] 0.000 sec [ext2/1/ext 0 (0,20)] [listing_core]
[Wed May 11 06:33:21.843 2016] 0.000 sec [ext2/1/ext 0 (0,20)] [listing_core]
[Wed May 11 06:33:22.852 2016] 0.000 sec [ext2/1/ext 0 (0,20)] [listing_core]
[Wed May 11 06:33:23.794 2016] 0.000 sec [ext2/1/ext 0 (0,20)] [listing_core]
[Wed May 11 06:33:24.749 2016] 0.000 sec [ext2/1/ext 0 (0,20)] [listing_core]
[Wed May 11 06:33:25.804 2016] 0.000 sec [ext2/1/ext 0 (0,20)] [listing_core]
[Wed May 11 06:39:08.959 2016] 0.000 sec [ext2/1/ext 0 (0,20)] [listing_core]
[Wed May 11 06:39:10.219 2016] 0.000 sec [ext2/1/ext 0 (0,20)] [listing_core]
[Wed May 11 06:39:11.621 2016] 0.000 sec [ext2/1/ext 0 (0,20)] [listing_core]
[Wed May 11 06:39:12.910 2016] 0.000 sec [ext2/1/ext 0 (0,20)] [listing_core]
[Wed May 11 06:41:52.927 2016] 0.000 sec [ext2/1/ext 0 (0,20)] [listing_core]
[Wed May 11 06:43:51.311 2016] 0.000 sec [ext2/1/ext 0 (0,20)] [listing_core]
[Wed May 11 06:43:52.778 2016] 0.000 sec [ext2/1/ext 0 (0,20)] [listing_core]
[Wed May 11 06:43:54.314 2016] 0.000 sec [ext2/1/ext 0 (0,20)] [listing_core]
[Wed May 11 06:43:55.686 2016] 0.000 sec [ext2/1/ext 0 (0,20)] [listing_core]
[Wed May 11 06:43:56.998 2016] 0.000 sec [ext2/1/ext 0 (0,20)] [listing_core]
[Wed May 11 06:47:13.392 2016] 0.000 sec [ext2/1/ext 0 (0,20)] [listing_core]
[Wed May 11 06:53:06.440 2016] 0.000 sec [ext2/1/ext 0 (0,20)] [listing_core]
[Wed May 11 06:54:26.259 2016] 0.000 sec [ext2/1/ext 0 (0,20)] [listing_core]
[Wed May 11 07:02:35.560 2016] 0.000 sec [ext2/1/ext 0 (0,20)] [listing_core]
[Wed May 11 07:09:46.195 2016] 0.000 sec [ext2/1/ext 0 (0,20)] [listing_core]
[Wed May 11 07:33:06.222 2016] 0.000 sec [ext2/1/ext 0 (0,20)] [listing_core]
[Wed May 11 07:33:06.238 2016] 0.000 sec [ext2/1/ext 0 (0,20)] [listing_core]
[Wed May 11 07:33:07.606 2016] 0.000 sec [ext2/1/ext 0 (0,20)] [listing_core]
[Wed May 11 07:34:59.140 2016] 0.000 sec [ext2/1/ext 0 (0,20)] [listing_core]
[Wed May 11 07:35:43.658 2016] 0.000 sec [ext2/1/ext 0 (0,20)] [listing_core]
[Wed May 11 07:36:17.924 2016] 0.000 sec [ext2/1/ext 0 (0,20)] [listing_core]
[Wed May 11 07:36:17.953 2016] 0.000 sec [ext2/1/ext 0 (0,20)] [listing_core]
[Wed May 11 07:36:18.056 2016] 0.000 sec [ext2/1/ext 0 (0,20)] [listing_core]
[Wed May 11 07:36:19.631 2016] 0.000 sec [ext2/1/ext 0 (0,20)] [listing_core]
[Wed May 11 07:36:21.162 2016] 0.000 sec [ext2/1/ext 0 (0,20)] [listing_core]
[Wed May 11 07:36:21.193 2016] 0.000 sec [ext2/1/ext 0 (0,20)] [listing_core]
[Wed May 11 07:36:21.222 2016] 0.000 sec [ext2/1/ext 0 (0,20)] [listing_core]
[Wed May 11 07:36:22.740 2016] 0.000 sec [ext2/1/ext 0 (0,20)] [listing_core]
[Wed May 11 07:37:29.975 2016] 0.000 sec [ext2/1/ext 0 (0,20)] [listing_core]
[Wed May 11 07:38:14.430 2016] 0.000 sec [ext2/1/ext 0 (0,20)] [listing_core]
[Wed May 11 07:38:37.956 2016] 0.000 sec [ext2/1/ext 0 (0,20)] [listing_core]
[Wed May 11 07:38:43.765 2016] 0.000 sec [ext2/1/ext 0 (0,20)] [listing_core]
[Wed May 11 07:39:06.321 2016] 0.000 sec [ext2/1/ext 0 (0,20)] [listing_core]
[Wed May 11 07:39:06.337 2016] 0.000 sec [ext2/1/ext 0 (0,20)] [listing_core]
[Wed May 11 07:39:06.359 2016] 0.000 sec [ext2/1/ext 0 (0,20)] [listing_core]
[Wed May 11 07:39:07.812 2016] 0.000 sec [ext2/1/ext 0 (0,20)] [listing_core]
[Wed May 11 07:39:09.180 2016] 0.000 sec [ext2/1/ext 0 (0,20)] [listing_core]
[Wed May 11 07:39:10.544 2016] 0.000 sec [ext2/1/ext 0 (0,20)] [listing_core]
[Wed May 11 07:39:16.339 2016] 0.000 sec [ext2/1/ext 0 (0,20)] [listing_core]
[Wed May 11 07:39:22.047 2016] 0.000 sec [ext2/1/ext 0 (0,20)] [listing_core]
[Wed May 11 07:39:22.222 2016] 0.000 sec [ext2/1/ext 0 (0,20)] [listing_core]
[Wed May 11 07:39:45.539 2016] 0.000 sec [ext2/1/ext 0 (0,20)] [listing_core]
[Wed May 11 07:40:02.746 2016] 0.000 sec [ext2/1/ext 0 (0,20)] [listing_core]
[Wed May 11 07:40:04.194 2016] 0.000 sec [ext2/1/ext 0 (0,20)] [listing_core]
[Wed May 11 07:42:46.150 2016] 0.000 sec [ext2/1/ext 0 (0,20)] [listing_core]
[Wed May 11 07:44:08.955 2016] 0.000 sec [ext2/1/ext 0 (0,20)] [listing_core]
[Wed May 11 07:46:23.045 2016] 0.000 sec [ext2/1/ext 0 (0,20)] [listing_core]
[Wed May 11 07:46:23.064 2016] 0.000 sec [ext2/1/ext 0 (0,20)] [listing_core]
[Wed May 11 08:14:20.450 2016] 0.002 sec [ext2/2/ext 0 (0,24)] [listing_core`, `listing_delta] *ok*
[Wed May 11 08:14:34.363 2016] 0.000 sec [ext2/2/ext 0 (0,24)] [listing_core`, `listing_delta] *m*
[Wed May 11 08:14:41.496 2016] 0.000 sec [ext2/2/ext 0 (0,24)] [listing_core`, `listing_delta] *latop*
[Wed May 11 08:14:45.106 2016] 0.000 sec [ext2/2/ext 3 (0,24)] [listing_core`, `listing_delta] *laptop*
[Wed May 11 08:14:51.300 2016] 0.000 sec [ext2/2/ext 3 (0,24)] [listing_core`, `listing_delta] *laptop*
[Wed May 11 08:14:54.833 2016] 0.000 sec [ext2/2/ext 3 (0,150)] [listing_core`, `listing_delta] *laptop*
[Wed May 11 08:16:09.908 2016] 0.000 sec [ext2/2/ext 3 (0,150)] [listing_core`, `listing_delta] *laptop*
[Wed May 11 08:38:48.764 2016] 0.000 sec [ext2/1/ext 0 (0,20)] [listing_core]
[Wed May 11 08:38:54.530 2016] 0.000 sec [ext2/1/ext 0 (0,20)] [listing_core]
[Wed May 11 08:38:54.543 2016] 0.000 sec [ext2/1/ext 0 (0,20)] [listing_core]
[Wed May 11 08:40:09.619 2016] 0.000 sec [ext2/1/ext 0 (0,20)] [listing_core]
[Wed May 11 08:52:11.840 2016] 0.000 sec [ext2/1/ext 0 (0,20)] [listing_core]
[Wed May 11 08:56:46.850 2016] 0.000 sec [ext2/1/ext 0 (0,20)] [listing_core]
[Wed May 11 09:00:09.482 2016] 0.000 sec [ext2/1/ext 0 (0,20)] [listing_core]
[Wed May 11 09:02:56.036 2016] 0.000 sec [ext2/1/ext 0 (0,20)] [listing_core]
[Wed May 11 09:07:25.938 2016] 0.000 sec [ext2/1/ext 0 (0,20)] [listing_core]
[Wed May 11 09:08:42.682 2016] 0.001 sec [ext2/2/ext 1 (0,24)] [listing_core`, `listing_delta] *app*
[Wed May 11 09:09:34.850 2016] 0.000 sec [ext2/1/ext 0 (0,20)] [listing_core]
[Wed May 11 09:14:05.323 2016] 0.000 sec [ext2/1/ext 0 (0,20)] [listing_core]
[Wed May 11 09:29:55.273 2016] 0.000 sec [ext2/1/ext 0 (0,20)] [listing_core]
[Wed May 11 09:32:35.375 2016] 0.000 sec [ext2/1/ext 0 (0,20)] [listing_core]
[Wed May 11 09:33:49.087 2016] 0.000 sec [ext2/1/ext 0 (0,20)] [listing_core]
[Wed May 11 09:35:40.669 2016] 0.000 sec [ext2/1/ext 0 (0,20)] [listing_core]
[Wed May 11 09:37:12.175 2016] 0.000 sec [ext2/1/ext 0 (0,20)] [listing_core]
[Wed May 11 09:42:00.218 2016] 0.000 sec [ext2/1/ext 0 (0,20)] [listing_core]
[Wed May 11 09:44:49.404 2016] 0.000 sec [ext2/1/ext 0 (0,20)] [listing_core]
[Wed May 11 09:46:08.452 2016] 0.000 sec [ext2/1/ext 0 (0,20)] [listing_core]
[Wed May 11 09:47:27.935 2016] 0.000 sec [ext2/1/ext 0 (0,20)] [listing_core]
[Wed May 11 09:48:31.478 2016] 0.000 sec [ext2/1/ext 0 (0,20)] [listing_core]
[Wed May 11 09:57:12.213 2016] 0.000 sec [ext2/1/ext 0 (0,20)] [listing_core]
[Wed May 11 11:39:44.695 2016] 0.000 sec [ext2/1/ext 0 (0,20)] [listing_core]
[Wed May 11 11:49:47.467 2016] 0.001 sec [ext2/2/ext 0 (0,150)] [listing_core`, `listing_delta] *a*
[Wed May 11 11:50:22.658 2016] 0.000 sec [ext2/2/ext 0 (0,24)] [listing_core`, `listing_delta] *an*
[Wed May 11 11:50:29.652 2016] 0.000 sec [ext2/2/ext 0 (0,24)] [listing_core`, `listing_delta] *a*
[Wed May 11 11:51:00.720 2016] 0.000 sec [ext2/2/ext 3 (0,24)] [listing_core`, `listing_delta] *tv*
[Wed May 11 11:51:13.956 2016] 0.000 sec [ext2/2/ext 0 (0,24)] [listing_core`, `listing_delta] *ED*
[Wed May 11 12:46:51.733 2016] 0.000 sec [ext2/2/ext 1 (0,24)] [listing_core`, `listing_delta] *handpump*
[Wed May 11 12:47:51.449 2016] 0.000 sec [ext2/2/ext 1 (0,24)] [listing_core`, `listing_delta] *vibrant*
[Wed May 11 13:22:10.525 2016] 0.000 sec [ext2/3/ext 17 (0,24)] [listing_core`, `listing_delta]
[Wed May 11 13:22:28.315 2016] 0.000 sec [ext2/5/ext 0 (0,24)] [listing_core`, `listing_delta]
[Wed May 11 13:22:35.155 2016] 0.000 sec [ext2/3/ext 17 (0,24)] [listing_core`, `listing_delta]
[Wed May 11 13:23:22.451 2016] 0.000 sec [ext2/1/ext 0 (0,20)] [listing_core]
[Wed May 11 13:23:22.465 2016] 0.000 sec [ext2/1/ext 0 (0,20)] [listing_core]
[Wed May 11 13:23:23.762 2016] 0.000 sec [ext2/1/ext 0 (0,20)] [custom_field_value_core]
[Wed May 11 13:23:23.776 2016] 0.000 sec [ext2/1/ext 0 (0,20)] [custom_field_value_core]
[Thu May 12 05:23:05.733 2016] 0.001 sec [ext2/3/ext 23 (0,24)] [listing_core`, `listing_delta]
[Thu May 12 05:23:19.982 2016] 0.000 sec [ext2/3/ext 17 (0,24)] [listing_core`, `listing_delta]
[Thu May 12 05:23:28.313 2016] 0.000 sec [ext2/4/ext 0 (0,24)] [listing_core`, `listing_delta]
[Thu May 12 05:23:34.302 2016] 0.000 sec [ext2/4/ext 0 (0,24)] [listing_core`, `listing_delta]
[Thu May 12 05:23:38.425 2016] 0.000 sec [ext2/3/ext 17 (0,24)] [listing_core`, `listing_delta]
[Thu May 12 05:24:32.692 2016] 0.002 sec [ext2/3/ext 0 (0,24)] [listing_core`, `listing_delta] *a*
[Thu May 12 06:17:11.407 2016] 0.000 sec [ext2/1/ext 0 (0,20)] [listing_core]
[Thu May 12 06:17:11.505 2016] 0.000 sec [ext2/1/ext 0 (0,20)] [custom_field_value_core]
[Thu May 12 06:17:11.523 2016] 0.000 sec [ext2/1/ext 0 (0,20)] [custom_field_value_core]
[Thu May 12 06:19:46.779 2016] 0.000 sec [ext2/1/ext 0 (0,20)] [listing_core]
[Thu May 12 06:19:46.888 2016] 0.000 sec [ext2/1/ext 0 (0,20)] [custom_field_value_core]
[Thu May 12 06:19:46.907 2016] 0.000 sec [ext2/1/ext 0 (0,20)] [custom_field_value_core]
[Thu May 12 06:36:06.417 2016] 0.000 sec [ext2/4/ext 0 (0,24)] [listing_core`, `listing_delta]
[Thu May 12 06:36:17.266 2016] 0.000 sec [ext2/3/ext 2 (0,24)] [listing_core`, `listing_delta]
[Thu May 12 06:44:24.819 2016] 0.000 sec [ext2/3/ext 19 (0,24)] [listing_core`, `listing_delta]
[Thu May 12 06:49:31.300 2016] 0.000 sec [ext2/1/ext 0 (0,20)] [listing_core]
[Thu May 12 06:49:31.334 2016] 0.000 sec [ext2/1/ext 0 (0,20)] [listing_core]
[Thu May 12 06:49:32.390 2016] 0.000 sec [ext2/1/ext 0 (0,20)] [custom_field_value_core]
[Thu May 12 06:49:32.405 2016] 0.000 sec [ext2/1/ext 0 (0,20)] [custom_field_value_core]
[Thu May 12 13:53:14.394 2016] 0.001 sec [ext2/3/ext 20 (0,24)] [listing_core`, `listing_delta]
[Thu May 12 13:53:20.178 2016] 0.000 sec [ext2/3/ext 33 (0,24)] [listing_core`, `listing_delta]
